<?xml version="1.0" encoding="UTF-8"?>
<!-- Generated by org.testng.reporters.JUnitReportReporter -->
<testsuite hostname="DESKTOP-004GU8S" failures="0" tests="2" name="Academy.HomePage" time="8.202" errors="0" timestamp="2022-01-14T16:59:36 IST" skipped="0">
  <testcase classname="Academy.HomePage" name="BasePageNavigation" time="5.664"/>
  <system-out/>
  <testcase classname="Academy.HomePage" name="BasePageNavigation" time="2.538"/>
  <system-out/>
</testsuite> <!-- Academy.HomePage -->
