<?xml version="1.0" encoding="UTF-8"?>
<!-- Generated by org.testng.reporters.JUnitReportReporter -->
<testsuite hostname="DESKTOP-004GU8S" failures="0" tests="1" name="Academy.ValidateNavigationBar" time="0.100" errors="0" timestamp="2022-01-14T16:59:36 IST" skipped="0">
  <testcase classname="Academy.ValidateNavigationBar" name="BasePageNavigation" time="0.100"/>
  <system-out/>
</testsuite> <!-- Academy.ValidateNavigationBar -->
