<?xml version="1.0" encoding="UTF-8"?>
<!-- Generated by org.testng.reporters.JUnitReportReporter -->
<testsuite skipped="0" hostname="DESKTOP-004GU8S" name="Academy.HomePage" tests="2" failures="0" timestamp="2022-01-14T16:53:46 IST" time="8.101" errors="0">
  <testcase name="BasePageNavigation" time="5.647" classname="Academy.HomePage"/>
  <system-out/>
  <testcase name="BasePageNavigation" time="2.454" classname="Academy.HomePage"/>
  <system-out/>
</testsuite> <!-- Academy.HomePage -->
