<?xml version="1.0" encoding="UTF-8"?>
<!-- Generated by org.testng.reporters.JUnitReportReporter -->
<testsuite skipped="0" hostname="DESKTOP-004GU8S" name="Academy.ValidateNavigationBar" tests="1" failures="0" timestamp="2022-01-14T16:53:46 IST" time="0.431" errors="0">
  <testcase name="BasePageNavigation" time="0.431" classname="Academy.ValidateNavigationBar"/>
  <system-out/>
</testsuite> <!-- Academy.ValidateNavigationBar -->
